[    18.719] _XSERVTransSocketUNIXCreateListener: ...SocketCreateListener() failed
[    18.719] _XSERVTransMakeAllCOTSServerListeners: server already running
[    18.719] (--) Log file renamed from "/home/operador/.local/share/xorg/Xorg.pid-1885.log" to "/home/operador/.local/share/xorg/Xorg.1.log"
[    18.720] 
X.Org X Server 1.21.1.3
X Protocol Version 11, Revision 0
[    18.720] Current Operating System: Linux pop-os 5.19.0-76051900-generic #202207312230~1663625639~22.04~d522b3c SMP PREEMPT_DYNAMIC Mon S x86_64
[    18.720] Kernel command line: initrd=\EFI\Pop_OS-81fd8883-a847-4fc6-b11b-0244e3ef583d\initrd.img root=UUID=81fd8883-a847-4fc6-b11b-0244e3ef583d ro quiet loglevel=0 systemd.show_status=false splash
[    18.720] xorg-server 2:21.1.3-2ubuntu2.1 (For technical support please see http://www.ubuntu.com/support) 
[    18.720] Current version of pixman: 0.40.0
[    18.720] 	Before reporting problems, check http://wiki.x.org
	to make sure that you have the latest version.
[    18.720] Markers: (--) probed, (**) from config file, (==) default setting,
	(++) from command line, (!!) notice, (II) informational,
	(WW) warning, (EE) error, (NI) not implemented, (??) unknown.
[    18.720] (==) Log file: "/home/operador/.local/share/xorg/Xorg.1.log", Time: Tue Sep 20 15:48:46 2022
[    18.720] (==) Using system config directory "/usr/share/X11/xorg.conf.d"
[    18.720] (==) No Layout section.  Using the first Screen section.
[    18.720] (==) No screen section available. Using defaults.
[    18.720] (**) |-->Screen "Default Screen Section" (0)
[    18.720] (**) |   |-->Monitor "<default monitor>"
[    18.720] (==) No monitor specified for screen "Default Screen Section".
	Using a default monitor configuration.
[    18.720] (**) Option "BlankTime" "0"
[    18.720] (**) Option "StandbyTime" "0"
[    18.720] (**) Option "SuspendTime" "0"
[    18.720] (**) Option "OffTime" "0"
[    18.720] (==) Automatically adding devices
[    18.720] (==) Automatically enabling devices
[    18.720] (==) Automatically adding GPU devices
[    18.720] (==) Automatically binding GPU devices
[    18.720] (==) Max clients allowed: 256, resource mask: 0x1fffff
[    18.720] (WW) The directory "/usr/share/fonts/X11/cyrillic" does not exist.
[    18.720] 	Entry deleted from font path.
[    18.720] (WW) The directory "/usr/share/fonts/X11/100dpi/" does not exist.
[    18.720] 	Entry deleted from font path.
[    18.721] (WW) The directory "/usr/share/fonts/X11/75dpi/" does not exist.
[    18.721] 	Entry deleted from font path.
[    18.721] (WW) The directory "/usr/share/fonts/X11/100dpi" does not exist.
[    18.721] 	Entry deleted from font path.
[    18.721] (WW) The directory "/usr/share/fonts/X11/75dpi" does not exist.
[    18.721] 	Entry deleted from font path.
[    18.721] (==) FontPath set to:
	/usr/share/fonts/X11/misc,
	/usr/share/fonts/X11/Type1,
	built-ins
[    18.721] (==) ModulePath set to "/usr/lib/xorg/modules"
[    18.721] (II) The server relies on udev to provide the list of input devices.
	If no devices become available, reconfigure udev or disable AutoAddDevices.
[    18.721] (II) Loader magic: 0x5574da483020
[    18.721] (II) Module ABI versions:
[    18.721] 	X.Org ANSI C Emulation: 0.4
[    18.721] 	X.Org Video Driver: 25.2
[    18.721] 	X.Org XInput driver : 24.4
[    18.721] 	X.Org Server Extension : 10.0
[    18.721] (++) using VT number 2

[    18.722] (II) systemd-logind: took control of session /org/freedesktop/login1/session/_32
[    18.722] (II) xfree86: Adding drm device (/dev/dri/card0)
[    18.722] (II) Platform probe for /sys/devices/pci0000:00/0000:00:02.0/drm/card0
[    18.724] (II) systemd-logind: got fd for /dev/dri/card0 226:0 fd 15 paused 0
[    18.725] (--) PCI:*(0@0:2:0) 8086:0152:1458:d000 rev 9, Mem @ 0xf7800000/4194304, 0xe0000000/268435456, I/O @ 0x0000f000/64, BIOS @ 0x????????/131072
[    18.725] (II) LoadModule: "glx"
[    18.725] (II) Loading /usr/lib/xorg/modules/extensions/libglx.so
[    18.726] (II) Module glx: vendor="X.Org Foundation"
[    18.726] 	compiled for 1.21.1.3, module version = 1.0.0
[    18.726] 	ABI class: X.Org Server Extension, version 10.0
[    18.726] (==) Matched modesetting as autoconfigured driver 0
[    18.726] (==) Matched fbdev as autoconfigured driver 1
[    18.726] (==) Matched vesa as autoconfigured driver 2
[    18.726] (==) Assigned the driver to the xf86ConfigLayout
[    18.726] (II) LoadModule: "modesetting"
[    18.726] (II) Loading /usr/lib/xorg/modules/drivers/modesetting_drv.so
[    18.727] (II) Module modesetting: vendor="X.Org Foundation"
[    18.727] 	compiled for 1.21.1.3, module version = 1.21.1
[    18.727] 	Module class: X.Org Video Driver
[    18.727] 	ABI class: X.Org Video Driver, version 25.2
[    18.727] (II) LoadModule: "fbdev"
[    18.727] (II) Loading /usr/lib/xorg/modules/drivers/fbdev_drv.so
[    18.727] (II) Module fbdev: vendor="X.Org Foundation"
[    18.727] 	compiled for 1.21.1.3, module version = 0.5.0
[    18.727] 	Module class: X.Org Video Driver
[    18.727] 	ABI class: X.Org Video Driver, version 25.2
[    18.727] (II) LoadModule: "vesa"
[    18.727] (II) Loading /usr/lib/xorg/modules/drivers/vesa_drv.so
[    18.727] (II) Module vesa: vendor="X.Org Foundation"
[    18.727] 	compiled for 1.21.1.3, module version = 2.5.0
[    18.727] 	Module class: X.Org Video Driver
[    18.727] 	ABI class: X.Org Video Driver, version 25.2
[    18.727] (II) modesetting: Driver for Modesetting Kernel Drivers: kms
[    18.727] (II) FBDEV: driver for framebuffer: fbdev
[    18.727] (II) VESA: driver for VESA chipsets: vesa
[    18.727] xf86EnableIO: failed to enable I/O ports 0000-03ff (Operation not permitted)
[    18.727] (II) modeset(0): using drv /dev/dri/card0
[    18.727] (WW) Falling back to old probe method for fbdev
[    18.727] (II) Loading sub module "fbdevhw"
[    18.727] (II) LoadModule: "fbdevhw"
[    18.727] (II) Loading /usr/lib/xorg/modules/libfbdevhw.so
[    18.727] (II) Module fbdevhw: vendor="X.Org Foundation"
[    18.727] 	compiled for 1.21.1.3, module version = 0.0.2
[    18.727] 	ABI class: X.Org Video Driver, version 25.2
[    18.727] (EE) open /dev/fb0: Permission denied
[    18.727] (WW) VGA arbiter: cannot open kernel arbiter, no multi-card support
[    18.727] (II) modeset(0): Creating default Display subsection in Screen section
	"Default Screen Section" for depth/fbbpp 24/32
[    18.727] (==) modeset(0): Depth 24, (==) framebuffer bpp 32
[    18.727] (==) modeset(0): RGB weight 888
[    18.727] (==) modeset(0): Default visual is TrueColor
[    18.727] (II) Loading sub module "glamoregl"
[    18.727] (II) LoadModule: "glamoregl"
[    18.728] (II) Loading /usr/lib/xorg/modules/libglamoregl.so
[    18.732] (II) Module glamoregl: vendor="X.Org Foundation"
[    18.732] 	compiled for 1.21.1.3, module version = 1.0.1
[    18.732] 	ABI class: X.Org ANSI C Emulation, version 0.4
[    18.764] (II) modeset(0): glamor X acceleration enabled on Mesa Intel(R) HD Graphics 2500 (IVB GT1)
[    18.764] (II) modeset(0): glamor initialized
[    18.764] (==) modeset(0): VariableRefresh: disabled
[    18.764] (==) modeset(0): AsyncFlipSecondaries: disabled
[    18.781] (II) modeset(0): Output VGA-1 has no monitor section
[    18.795] (II) modeset(0): EDID for output VGA-1
[    18.795] (II) modeset(0): Manufacturer: AOC  Model: 2250  Serial#: 0
[    18.795] (II) modeset(0): Year: 2011  Week: 0
[    18.795] (II) modeset(0): EDID Version: 1.3
[    18.795] (II) modeset(0): Analog Display Input,  Input Voltage Level: 0.700/0.700 V
[    18.795] (II) modeset(0): Sync:  Separate
[    18.795] (II) modeset(0): Max Image Size [cm]: horiz.: 48  vert.: 27
[    18.795] (II) modeset(0): Gamma: 2.20
[    18.795] (II) modeset(0): DPMS capabilities: Off; RGB/Color Display
[    18.795] (II) modeset(0): First detailed timing is preferred mode
[    18.795] (II) modeset(0): redX: 0.635 redY: 0.349   greenX: 0.331 greenY: 0.618
[    18.795] (II) modeset(0): blueX: 0.154 blueY: 0.055   whiteX: 0.312 whiteY: 0.328
[    18.795] (II) modeset(0): Supported established timings:
[    18.795] (II) modeset(0): 720x400@70Hz
[    18.795] (II) modeset(0): 640x480@60Hz
[    18.795] (II) modeset(0): 640x480@67Hz
[    18.795] (II) modeset(0): 640x480@72Hz
[    18.795] (II) modeset(0): 640x480@75Hz
[    18.795] (II) modeset(0): 800x600@56Hz
[    18.795] (II) modeset(0): 800x600@60Hz
[    18.795] (II) modeset(0): 800x600@72Hz
[    18.795] (II) modeset(0): 800x600@75Hz
[    18.795] (II) modeset(0): 832x624@75Hz
[    18.795] (II) modeset(0): 1024x768@60Hz
[    18.795] (II) modeset(0): 1024x768@70Hz
[    18.795] (II) modeset(0): 1024x768@75Hz
[    18.795] (II) modeset(0): 1280x1024@75Hz
[    18.795] (II) modeset(0): Manufacturer's mask: 0
[    18.795] (II) modeset(0): Supported standard timings:
[    18.795] (II) modeset(0): #0: hsize: 1920  vsize 1080  refresh: 60  vid: 49361
[    18.795] (II) modeset(0): #1: hsize: 1680  vsize 1050  refresh: 60  vid: 179
[    18.795] (II) modeset(0): #2: hsize: 1440  vsize 900  refresh: 60  vid: 149
[    18.795] (II) modeset(0): #3: hsize: 1280  vsize 1024  refresh: 60  vid: 32897
[    18.795] (II) modeset(0): #4: hsize: 1280  vsize 960  refresh: 60  vid: 16513
[    18.795] (II) modeset(0): #5: hsize: 1280  vsize 720  refresh: 60  vid: 49281
[    18.795] (II) modeset(0): Supported detailed timing:
[    18.795] (II) modeset(0): clock: 148.5 MHz   Image Size:  477 x 268 mm
[    18.795] (II) modeset(0): h_active: 1920  h_sync: 2008  h_sync_end 2052 h_blank_end 2200 h_border: 0
[    18.795] (II) modeset(0): v_active: 1080  v_sync: 1084  v_sync_end 1089 v_blanking: 1125 v_border: 0
[    18.795] (II) modeset(0): Ranges: V min: 50 V max: 76 Hz, H min: 30 H max: 83 kHz, PixClock max 175 MHz
[    18.796] (II) modeset(0): Monitor name: 2250W
[    18.796] (II) modeset(0): Serial No: 
[    18.796] (II) modeset(0): EDID (in hex):
[    18.796] (II) modeset(0): 	00ffffffffffff0005e3502200000000
[    18.796] (II) modeset(0): 	0015010368301b782a9d80a259549e27
[    18.796] (II) modeset(0): 	0e5054bfef00d1c0b300950081808140
[    18.796] (II) modeset(0): 	81c001010101023a801871382d40582c
[    18.796] (II) modeset(0): 	4500dd0c1100001e000000fd00324c1e
[    18.796] (II) modeset(0): 	5311000a202020202020000000fc0032
[    18.796] (II) modeset(0): 	323530570a20202020202020000000ff
[    18.796] (II) modeset(0): 	000a20202020202020202020202000ac
[    18.796] (II) modeset(0): Printing probed modes for output VGA-1
[    18.796] (II) modeset(0): Modeline "1920x1080"x60.0  148.50  1920 2008 2052 2200  1080 1084 1089 1125 +hsync +vsync (67.5 kHz eP)
[    18.796] (II) modeset(0): Modeline "1680x1050"x60.0  146.25  1680 1784 1960 2240  1050 1053 1059 1089 -hsync +vsync (65.3 kHz e)
[    18.796] (II) modeset(0): Modeline "1280x1024"x75.0  135.00  1280 1296 1440 1688  1024 1025 1028 1066 +hsync +vsync (80.0 kHz e)
[    18.796] (II) modeset(0): Modeline "1280x1024"x60.0  108.00  1280 1328 1440 1688  1024 1025 1028 1066 +hsync +vsync (64.0 kHz e)
[    18.796] (II) modeset(0): Modeline "1440x900"x59.9  106.50  1440 1520 1672 1904  900 903 909 934 -hsync +vsync (55.9 kHz e)
[    18.796] (II) modeset(0): Modeline "1280x960"x60.0  108.00  1280 1376 1488 1800  960 961 964 1000 +hsync +vsync (60.0 kHz e)
[    18.796] (II) modeset(0): Modeline "1280x720"x60.0   74.25  1280 1390 1430 1650  720 725 730 750 +hsync +vsync (45.0 kHz e)
[    18.796] (II) modeset(0): Modeline "1024x768"x75.0   78.75  1024 1040 1136 1312  768 769 772 800 +hsync +vsync (60.0 kHz e)
[    18.796] (II) modeset(0): Modeline "1024x768"x70.1   75.00  1024 1048 1184 1328  768 771 777 806 -hsync -vsync (56.5 kHz e)
[    18.796] (II) modeset(0): Modeline "1024x768"x60.0   65.00  1024 1048 1184 1344  768 771 777 806 -hsync -vsync (48.4 kHz e)
[    18.796] (II) modeset(0): Modeline "832x624"x74.6   57.28  832 864 928 1152  624 625 628 667 -hsync -vsync (49.7 kHz e)
[    18.796] (II) modeset(0): Modeline "800x600"x72.2   50.00  800 856 976 1040  600 637 643 666 +hsync +vsync (48.1 kHz e)
[    18.796] (II) modeset(0): Modeline "800x600"x75.0   49.50  800 816 896 1056  600 601 604 625 +hsync +vsync (46.9 kHz e)
[    18.796] (II) modeset(0): Modeline "800x600"x60.3   40.00  800 840 968 1056  600 601 605 628 +hsync +vsync (37.9 kHz e)
[    18.796] (II) modeset(0): Modeline "800x600"x56.2   36.00  800 824 896 1024  600 601 603 625 +hsync +vsync (35.2 kHz e)
[    18.796] (II) modeset(0): Modeline "640x480"x75.0   31.50  640 656 720 840  480 481 484 500 -hsync -vsync (37.5 kHz e)
[    18.796] (II) modeset(0): Modeline "640x480"x72.8   31.50  640 664 704 832  480 489 492 520 -hsync -vsync (37.9 kHz e)
[    18.796] (II) modeset(0): Modeline "640x480"x66.7   30.24  640 704 768 864  480 483 486 525 -hsync -vsync (35.0 kHz e)
[    18.796] (II) modeset(0): Modeline "640x480"x59.9   25.18  640 656 752 800  480 490 492 525 -hsync -vsync (31.5 kHz e)
[    18.796] (II) modeset(0): Modeline "720x400"x70.1   28.32  720 738 846 900  400 412 414 449 -hsync +vsync (31.5 kHz e)
[    18.796] (II) modeset(0): Output VGA-1 connected
[    18.796] (II) modeset(0): Using exact sizes for initial modes
[    18.796] (II) modeset(0): Output VGA-1 using initial mode 1920x1080 +0+0
[    18.796] (==) modeset(0): Using gamma correction (1.0, 1.0, 1.0)
[    18.796] (==) modeset(0): DPI set to (96, 96)
[    18.796] (II) Loading sub module "fb"
[    18.796] (II) LoadModule: "fb"
[    18.796] (II) Module "fb" already built-in
[    18.796] (II) UnloadModule: "fbdev"
[    18.796] (II) Unloading fbdev
[    18.796] (II) UnloadSubModule: "fbdevhw"
[    18.796] (II) Unloading fbdevhw
[    18.796] (II) UnloadModule: "vesa"
[    18.796] (II) Unloading vesa
[    18.817] (==) modeset(0): Backing store enabled
[    18.817] (==) modeset(0): Silken mouse enabled
[    18.831] (II) modeset(0): Initializing kms color map for depth 24, 8 bpc.
[    18.831] (==) modeset(0): DPMS enabled
[    18.832] (II) modeset(0): [DRI2] Setup complete
[    18.832] (II) modeset(0): [DRI2]   DRI driver: crocus
[    18.832] (II) modeset(0): [DRI2]   VDPAU driver: va_gl
[    18.832] (II) Initializing extension Generic Event Extension
[    18.832] (II) Initializing extension SHAPE
[    18.832] (II) Initializing extension MIT-SHM
[    18.832] (II) Initializing extension XInputExtension
[    18.832] (II) Initializing extension XTEST
[    18.832] (II) Initializing extension BIG-REQUESTS
[    18.832] (II) Initializing extension SYNC
[    18.833] (II) Initializing extension XKEYBOARD
[    18.833] (II) Initializing extension XC-MISC
[    18.833] (II) Initializing extension SECURITY
[    18.833] (II) Initializing extension XFIXES
[    18.833] (II) Initializing extension RENDER
[    18.833] (II) Initializing extension RANDR
[    18.833] (II) Initializing extension COMPOSITE
[    18.833] (II) Initializing extension DAMAGE
[    18.834] (II) Initializing extension MIT-SCREEN-SAVER
[    18.834] (II) Initializing extension DOUBLE-BUFFER
[    18.834] (II) Initializing extension RECORD
[    18.834] (II) Initializing extension DPMS
[    18.834] (II) Initializing extension Present
[    18.834] (II) Initializing extension DRI3
[    18.834] (II) Initializing extension X-Resource
[    18.834] (II) Initializing extension XVideo
[    18.834] (II) Initializing extension XVideo-MotionCompensation
[    18.834] (II) Initializing extension SELinux
[    18.834] (II) SELinux: Disabled on system
[    18.834] (II) Initializing extension GLX
[    18.842] (II) AIGLX: Loaded and initialized crocus
[    18.842] (II) GLX: Initialized DRI2 GL provider for screen 0
[    18.842] (II) Initializing extension XFree86-VidModeExtension
[    18.842] (II) Initializing extension XFree86-DGA
[    18.842] (II) Initializing extension XFree86-DRI
[    18.842] (II) Initializing extension DRI2
[    18.843] (II) modeset(0): Damage tracking initialized
[    18.843] (II) modeset(0): Setting screen physical size to 508 x 285
[    18.884] (II) config/udev: Adding input device Power Button (/dev/input/event1)
[    18.884] (**) Power Button: Applying InputClass "libinput keyboard catchall"
[    18.884] (II) LoadModule: "libinput"
[    18.885] (II) Loading /usr/lib/xorg/modules/input/libinput_drv.so
[    18.886] (II) Module libinput: vendor="X.Org Foundation"
[    18.886] 	compiled for 1.20.14, module version = 1.2.1
[    18.886] 	Module class: X.Org XInput Driver
[    18.886] 	ABI class: X.Org XInput driver, version 24.1
[    18.886] (II) Using input driver 'libinput' for 'Power Button'
[    18.887] (II) systemd-logind: got fd for /dev/input/event1 13:65 fd 29 paused 0
[    18.887] (**) Power Button: always reports core events
[    18.887] (**) Option "Device" "/dev/input/event1"
[    18.889] (II) event1  - Power Button: is tagged by udev as: Keyboard
[    18.889] (II) event1  - Power Button: device is a keyboard
[    18.889] (II) event1  - Power Button: device removed
[    18.889] (**) Option "config_info" "udev:/sys/devices/LNXSYSTM:00/LNXPWRBN:00/input/input1/event1"
[    18.889] (II) XINPUT: Adding extended input device "Power Button" (type: KEYBOARD, id 6)
[    18.889] (**) Option "xkb_layout" "br"
[    18.907] (II) event1  - Power Button: is tagged by udev as: Keyboard
[    18.907] (II) event1  - Power Button: device is a keyboard
[    18.908] (II) config/udev: Adding input device Video Bus (/dev/input/event4)
[    18.908] (**) Video Bus: Applying InputClass "libinput keyboard catchall"
[    18.908] (II) Using input driver 'libinput' for 'Video Bus'
[    18.910] (II) systemd-logind: got fd for /dev/input/event4 13:68 fd 32 paused 0
[    18.910] (**) Video Bus: always reports core events
[    18.910] (**) Option "Device" "/dev/input/event4"
[    18.911] (II) event4  - Video Bus: is tagged by udev as: Keyboard
[    18.911] (II) event4  - Video Bus: device is a keyboard
[    18.911] (II) event4  - Video Bus: device removed
[    18.911] (**) Option "config_info" "udev:/sys/devices/LNXSYSTM:00/LNXSYBUS:00/PNP0A08:00/LNXVIDEO:00/input/input7/event4"
[    18.911] (II) XINPUT: Adding extended input device "Video Bus" (type: KEYBOARD, id 7)
[    18.911] (**) Option "xkb_layout" "br"
[    18.912] (II) event4  - Video Bus: is tagged by udev as: Keyboard
[    18.912] (II) event4  - Video Bus: device is a keyboard
[    18.913] (II) config/udev: Adding input device Power Button (/dev/input/event0)
[    18.913] (**) Power Button: Applying InputClass "libinput keyboard catchall"
[    18.913] (II) Using input driver 'libinput' for 'Power Button'
[    18.913] (II) systemd-logind: got fd for /dev/input/event0 13:64 fd 33 paused 0
[    18.913] (**) Power Button: always reports core events
[    18.913] (**) Option "Device" "/dev/input/event0"
[    18.914] (II) event0  - Power Button: is tagged by udev as: Keyboard
[    18.915] (II) event0  - Power Button: device is a keyboard
[    18.915] (II) event0  - Power Button: device removed
[    18.915] (**) Option "config_info" "udev:/sys/devices/LNXSYSTM:00/LNXSYBUS:00/PNP0C0C:00/input/input0/event0"
[    18.915] (II) XINPUT: Adding extended input device "Power Button" (type: KEYBOARD, id 8)
[    18.915] (**) Option "xkb_layout" "br"
[    18.916] (II) event0  - Power Button: is tagged by udev as: Keyboard
[    18.916] (II) event0  - Power Button: device is a keyboard
[    18.917] (II) config/udev: Adding input device HDA Intel PCH Rear Mic (/dev/input/event7)
[    18.917] (II) No input driver specified, ignoring this device.
[    18.917] (II) This device may have been added with another device file.
[    18.917] (II) config/udev: Adding input device HDA Intel PCH Front Mic (/dev/input/event8)
[    18.917] (II) No input driver specified, ignoring this device.
[    18.917] (II) This device may have been added with another device file.
[    18.917] (II) config/udev: Adding input device HDA Intel PCH Line (/dev/input/event9)
[    18.918] (II) No input driver specified, ignoring this device.
[    18.918] (II) This device may have been added with another device file.
[    18.918] (II) config/udev: Adding input device HDA Intel PCH Line Out (/dev/input/event10)
[    18.918] (II) No input driver specified, ignoring this device.
[    18.918] (II) This device may have been added with another device file.
[    18.919] (II) config/udev: Adding input device Logitech USB Optical Mouse (/dev/input/event2)
[    18.919] (**) Logitech USB Optical Mouse: Applying InputClass "libinput pointer catchall"
[    18.919] (II) Using input driver 'libinput' for 'Logitech USB Optical Mouse'
[    18.919] (II) systemd-logind: got fd for /dev/input/event2 13:66 fd 34 paused 0
[    18.919] (**) Logitech USB Optical Mouse: always reports core events
[    18.920] (**) Option "Device" "/dev/input/event2"
[    18.921] (II) event2  - Logitech USB Optical Mouse: is tagged by udev as: Mouse
[    18.921] (II) event2  - Logitech USB Optical Mouse: device is a pointer
[    18.921] (II) event2  - Logitech USB Optical Mouse: device removed
[    18.921] (**) Option "config_info" "udev:/sys/devices/pci0000:00/0000:00:1d.0/usb2/2-1/2-1.5/2-1.5:1.0/0003:046D:C077.0001/input/input5/event2"
[    18.921] (II) XINPUT: Adding extended input device "Logitech USB Optical Mouse" (type: MOUSE, id 9)
[    18.922] (**) Option "AccelerationScheme" "none"
[    18.922] (**) Logitech USB Optical Mouse: (accel) selected scheme none/0
[    18.922] (**) Logitech USB Optical Mouse: (accel) acceleration factor: 2.000
[    18.922] (**) Logitech USB Optical Mouse: (accel) acceleration threshold: 4
[    18.923] (II) event2  - Logitech USB Optical Mouse: is tagged by udev as: Mouse
[    18.923] (II) event2  - Logitech USB Optical Mouse: device is a pointer
[    18.924] (II) config/udev: Adding input device Logitech USB Optical Mouse (/dev/input/mouse0)
[    18.924] (II) No input driver specified, ignoring this device.
[    18.924] (II) This device may have been added with another device file.
[    18.925] (II) config/udev: Adding input device HID 0566:3107 (/dev/input/event3)
[    18.925] (**) HID 0566:3107: Applying InputClass "libinput keyboard catchall"
[    18.925] (II) Using input driver 'libinput' for 'HID 0566:3107'
[    18.926] (II) systemd-logind: got fd for /dev/input/event3 13:67 fd 35 paused 0
[    18.926] (**) HID 0566:3107: always reports core events
[    18.926] (**) Option "Device" "/dev/input/event3"
[    18.927] (II) event3  - HID 0566:3107: is tagged by udev as: Keyboard
[    18.927] (II) event3  - HID 0566:3107: device is a keyboard
[    18.927] (II) event3  - HID 0566:3107: device removed
[    18.927] (**) Option "config_info" "udev:/sys/devices/pci0000:00/0000:00:1d.0/usb2/2-1/2-1.6/2-1.6:1.0/0003:0566:3107.0002/input/input6/event3"
[    18.927] (II) XINPUT: Adding extended input device "HID 0566:3107" (type: KEYBOARD, id 10)
[    18.927] (**) Option "xkb_layout" "br"
[    18.929] (II) event3  - HID 0566:3107: is tagged by udev as: Keyboard
[    18.929] (II) event3  - HID 0566:3107: device is a keyboard
[    18.930] (II) config/udev: Adding input device HID 0566:3107 Consumer Control (/dev/input/event5)
[    18.930] (**) HID 0566:3107 Consumer Control: Applying InputClass "libinput keyboard catchall"
[    18.930] (II) Using input driver 'libinput' for 'HID 0566:3107 Consumer Control'
[    18.931] (II) systemd-logind: got fd for /dev/input/event5 13:69 fd 36 paused 0
[    18.931] (**) HID 0566:3107 Consumer Control: always reports core events
[    18.931] (**) Option "Device" "/dev/input/event5"
[    18.932] (II) event5  - HID 0566:3107 Consumer Control: is tagged by udev as: Keyboard
[    18.932] (II) event5  - HID 0566:3107 Consumer Control: device is a keyboard
[    18.933] (II) event5  - HID 0566:3107 Consumer Control: device removed
[    18.933] (II) libinput: HID 0566:3107 Consumer Control: needs a virtual subdevice
[    18.933] (**) Option "config_info" "udev:/sys/devices/pci0000:00/0000:00:1d.0/usb2/2-1/2-1.6/2-1.6:1.1/0003:0566:3107.0003/input/input8/event5"
[    18.933] (II) XINPUT: Adding extended input device "HID 0566:3107 Consumer Control" (type: MOUSE, id 11)
[    18.933] (**) Option "AccelerationScheme" "none"
[    18.933] (**) HID 0566:3107 Consumer Control: (accel) selected scheme none/0
[    18.933] (**) HID 0566:3107 Consumer Control: (accel) acceleration factor: 2.000
[    18.933] (**) HID 0566:3107 Consumer Control: (accel) acceleration threshold: 4
[    18.934] (II) event5  - HID 0566:3107 Consumer Control: is tagged by udev as: Keyboard
[    18.934] (II) event5  - HID 0566:3107 Consumer Control: device is a keyboard
[    18.935] (II) config/udev: Adding input device HID 0566:3107 System Control (/dev/input/event6)
[    18.935] (**) HID 0566:3107 System Control: Applying InputClass "libinput keyboard catchall"
[    18.935] (II) Using input driver 'libinput' for 'HID 0566:3107 System Control'
[    18.936] (II) systemd-logind: got fd for /dev/input/event6 13:70 fd 37 paused 0
[    18.936] (**) HID 0566:3107 System Control: always reports core events
[    18.936] (**) Option "Device" "/dev/input/event6"
[    18.937] (II) event6  - HID 0566:3107 System Control: is tagged by udev as: Keyboard
[    18.938] (II) event6  - HID 0566:3107 System Control: device is a keyboard
[    18.938] (II) event6  - HID 0566:3107 System Control: device removed
[    18.938] (**) Option "config_info" "udev:/sys/devices/pci0000:00/0000:00:1d.0/usb2/2-1/2-1.6/2-1.6:1.1/0003:0566:3107.0003/input/input9/event6"
[    18.938] (II) XINPUT: Adding extended input device "HID 0566:3107 System Control" (type: KEYBOARD, id 12)
[    18.938] (**) Option "xkb_layout" "br"
[    18.940] (II) event6  - HID 0566:3107 System Control: is tagged by udev as: Keyboard
[    18.940] (II) event6  - HID 0566:3107 System Control: device is a keyboard
[    18.948] (**) HID 0566:3107 Consumer Control: Applying InputClass "libinput keyboard catchall"
[    18.948] (II) Using input driver 'libinput' for 'HID 0566:3107 Consumer Control'
[    18.948] (II) systemd-logind: returning pre-existing fd for /dev/input/event5 13:69
[    18.948] (**) HID 0566:3107 Consumer Control: always reports core events
[    18.948] (**) Option "Device" "/dev/input/event5"
[    18.948] (II) libinput: HID 0566:3107 Consumer Control: is a virtual subdevice
[    18.948] (**) Option "config_info" "udev:/sys/devices/pci0000:00/0000:00:1d.0/usb2/2-1/2-1.6/2-1.6:1.1/0003:0566:3107.0003/input/input8/event5"
[    18.948] (II) XINPUT: Adding extended input device "HID 0566:3107 Consumer Control" (type: KEYBOARD, id 13)
[    18.948] (**) Option "xkb_layout" "br"
[    19.415] (II) modeset(0): EDID vendor "AOC", prod id 8784
[    19.415] (II) modeset(0): Using EDID range info for horizontal sync
[    19.415] (II) modeset(0): Using EDID range info for vertical refresh
[    19.415] (II) modeset(0): Printing DDC gathered Modelines:
[    19.415] (II) modeset(0): Modeline "1920x1080"x0.0  148.50  1920 2008 2052 2200  1080 1084 1089 1125 +hsync +vsync (67.5 kHz eP)
[    19.415] (II) modeset(0): Modeline "800x600"x0.0   40.00  800 840 968 1056  600 601 605 628 +hsync +vsync (37.9 kHz e)
[    19.415] (II) modeset(0): Modeline "800x600"x0.0   36.00  800 824 896 1024  600 601 603 625 +hsync +vsync (35.2 kHz e)
[    19.415] (II) modeset(0): Modeline "640x480"x0.0   31.50  640 656 720 840  480 481 484 500 -hsync -vsync (37.5 kHz e)
[    19.415] (II) modeset(0): Modeline "640x480"x0.0   31.50  640 664 704 832  480 489 492 520 -hsync -vsync (37.9 kHz e)
[    19.415] (II) modeset(0): Modeline "640x480"x0.0   30.24  640 704 768 864  480 483 486 525 -hsync -vsync (35.0 kHz e)
[    19.415] (II) modeset(0): Modeline "640x480"x0.0   25.18  640 656 752 800  480 490 492 525 -hsync -vsync (31.5 kHz e)
[    19.415] (II) modeset(0): Modeline "720x400"x0.0   28.32  720 738 846 900  400 412 414 449 -hsync +vsync (31.5 kHz e)
[    19.415] (II) modeset(0): Modeline "1280x1024"x0.0  135.00  1280 1296 1440 1688  1024 1025 1028 1066 +hsync +vsync (80.0 kHz e)
[    19.415] (II) modeset(0): Modeline "1024x768"x0.0   78.75  1024 1040 1136 1312  768 769 772 800 +hsync +vsync (60.0 kHz e)
[    19.415] (II) modeset(0): Modeline "1024x768"x0.0   75.00  1024 1048 1184 1328  768 771 777 806 -hsync -vsync (56.5 kHz e)
[    19.415] (II) modeset(0): Modeline "1024x768"x0.0   65.00  1024 1048 1184 1344  768 771 777 806 -hsync -vsync (48.4 kHz e)
[    19.415] (II) modeset(0): Modeline "832x624"x0.0   57.28  832 864 928 1152  624 625 628 667 -hsync -vsync (49.7 kHz e)
[    19.415] (II) modeset(0): Modeline "800x600"x0.0   49.50  800 816 896 1056  600 601 604 625 +hsync +vsync (46.9 kHz e)
[    19.415] (II) modeset(0): Modeline "800x600"x0.0   50.00  800 856 976 1040  600 637 643 666 +hsync +vsync (48.1 kHz e)
[    19.415] (II) modeset(0): Modeline "1680x1050"x0.0  146.25  1680 1784 1960 2240  1050 1053 1059 1089 -hsync +vsync (65.3 kHz e)
[    19.415] (II) modeset(0): Modeline "1440x900"x0.0  106.50  1440 1520 1672 1904  900 903 909 934 -hsync +vsync (55.9 kHz e)
[    19.415] (II) modeset(0): Modeline "1280x1024"x0.0  108.00  1280 1328 1440 1688  1024 1025 1028 1066 +hsync +vsync (64.0 kHz e)
[    19.415] (II) modeset(0): Modeline "1280x960"x0.0  108.00  1280 1376 1488 1800  960 961 964 1000 +hsync +vsync (60.0 kHz e)
[    19.415] (II) modeset(0): Modeline "1280x720"x60.0   74.48  1280 1336 1472 1664  720 721 724 746 -hsync +vsync (44.8 kHz e)
[    22.526] (II) modeset(0): EDID vendor "AOC", prod id 8784
[    22.526] (II) modeset(0): Using hsync ranges from config file
[    22.526] (II) modeset(0): Using vrefresh ranges from config file
[    22.526] (II) modeset(0): Printing DDC gathered Modelines:
[    22.526] (II) modeset(0): Modeline "1920x1080"x0.0  148.50  1920 2008 2052 2200  1080 1084 1089 1125 +hsync +vsync (67.5 kHz eP)
[    22.526] (II) modeset(0): Modeline "800x600"x0.0   40.00  800 840 968 1056  600 601 605 628 +hsync +vsync (37.9 kHz e)
[    22.526] (II) modeset(0): Modeline "800x600"x0.0   36.00  800 824 896 1024  600 601 603 625 +hsync +vsync (35.2 kHz e)
[    22.526] (II) modeset(0): Modeline "640x480"x0.0   31.50  640 656 720 840  480 481 484 500 -hsync -vsync (37.5 kHz e)
[    22.526] (II) modeset(0): Modeline "640x480"x0.0   31.50  640 664 704 832  480 489 492 520 -hsync -vsync (37.9 kHz e)
[    22.526] (II) modeset(0): Modeline "640x480"x0.0   30.24  640 704 768 864  480 483 486 525 -hsync -vsync (35.0 kHz e)
[    22.526] (II) modeset(0): Modeline "640x480"x0.0   25.18  640 656 752 800  480 490 492 525 -hsync -vsync (31.5 kHz e)
[    22.526] (II) modeset(0): Modeline "720x400"x0.0   28.32  720 738 846 900  400 412 414 449 -hsync +vsync (31.5 kHz e)
[    22.526] (II) modeset(0): Modeline "1280x1024"x0.0  135.00  1280 1296 1440 1688  1024 1025 1028 1066 +hsync +vsync (80.0 kHz e)
[    22.526] (II) modeset(0): Modeline "1024x768"x0.0   78.75  1024 1040 1136 1312  768 769 772 800 +hsync +vsync (60.0 kHz e)
[    22.526] (II) modeset(0): Modeline "1024x768"x0.0   75.00  1024 1048 1184 1328  768 771 777 806 -hsync -vsync (56.5 kHz e)
[    22.526] (II) modeset(0): Modeline "1024x768"x0.0   65.00  1024 1048 1184 1344  768 771 777 806 -hsync -vsync (48.4 kHz e)
[    22.526] (II) modeset(0): Modeline "832x624"x0.0   57.28  832 864 928 1152  624 625 628 667 -hsync -vsync (49.7 kHz e)
[    22.526] (II) modeset(0): Modeline "800x600"x0.0   49.50  800 816 896 1056  600 601 604 625 +hsync +vsync (46.9 kHz e)
[    22.526] (II) modeset(0): Modeline "800x600"x0.0   50.00  800 856 976 1040  600 637 643 666 +hsync +vsync (48.1 kHz e)
[    22.526] (II) modeset(0): Modeline "1680x1050"x0.0  146.25  1680 1784 1960 2240  1050 1053 1059 1089 -hsync +vsync (65.3 kHz e)
[    22.526] (II) modeset(0): Modeline "1440x900"x0.0  106.50  1440 1520 1672 1904  900 903 909 934 -hsync +vsync (55.9 kHz e)
[    22.526] (II) modeset(0): Modeline "1280x1024"x0.0  108.00  1280 1328 1440 1688  1024 1025 1028 1066 +hsync +vsync (64.0 kHz e)
[    22.526] (II) modeset(0): Modeline "1280x960"x0.0  108.00  1280 1376 1488 1800  960 961 964 1000 +hsync +vsync (60.0 kHz e)
[    22.526] (II) modeset(0): Modeline "1280x720"x60.0   74.48  1280 1336 1472 1664  720 721 724 746 -hsync +vsync (44.8 kHz e)
[    22.598] (II) modeset(0): EDID vendor "AOC", prod id 8784
[    22.598] (II) modeset(0): Using hsync ranges from config file
[    22.598] (II) modeset(0): Using vrefresh ranges from config file
[    22.598] (II) modeset(0): Printing DDC gathered Modelines:
[    22.598] (II) modeset(0): Modeline "1920x1080"x0.0  148.50  1920 2008 2052 2200  1080 1084 1089 1125 +hsync +vsync (67.5 kHz eP)
[    22.598] (II) modeset(0): Modeline "800x600"x0.0   40.00  800 840 968 1056  600 601 605 628 +hsync +vsync (37.9 kHz e)
[    22.598] (II) modeset(0): Modeline "800x600"x0.0   36.00  800 824 896 1024  600 601 603 625 +hsync +vsync (35.2 kHz e)
[    22.598] (II) modeset(0): Modeline "640x480"x0.0   31.50  640 656 720 840  480 481 484 500 -hsync -vsync (37.5 kHz e)
[    22.598] (II) modeset(0): Modeline "640x480"x0.0   31.50  640 664 704 832  480 489 492 520 -hsync -vsync (37.9 kHz e)
[    22.598] (II) modeset(0): Modeline "640x480"x0.0   30.24  640 704 768 864  480 483 486 525 -hsync -vsync (35.0 kHz e)
[    22.598] (II) modeset(0): Modeline "640x480"x0.0   25.18  640 656 752 800  480 490 492 525 -hsync -vsync (31.5 kHz e)
[    22.598] (II) modeset(0): Modeline "720x400"x0.0   28.32  720 738 846 900  400 412 414 449 -hsync +vsync (31.5 kHz e)
[    22.598] (II) modeset(0): Modeline "1280x1024"x0.0  135.00  1280 1296 1440 1688  1024 1025 1028 1066 +hsync +vsync (80.0 kHz e)
[    22.599] (II) modeset(0): Modeline "1024x768"x0.0   78.75  1024 1040 1136 1312  768 769 772 800 +hsync +vsync (60.0 kHz e)
[    22.599] (II) modeset(0): Modeline "1024x768"x0.0   75.00  1024 1048 1184 1328  768 771 777 806 -hsync -vsync (56.5 kHz e)
[    22.599] (II) modeset(0): Modeline "1024x768"x0.0   65.00  1024 1048 1184 1344  768 771 777 806 -hsync -vsync (48.4 kHz e)
[    22.599] (II) modeset(0): Modeline "832x624"x0.0   57.28  832 864 928 1152  624 625 628 667 -hsync -vsync (49.7 kHz e)
[    22.599] (II) modeset(0): Modeline "800x600"x0.0   49.50  800 816 896 1056  600 601 604 625 +hsync +vsync (46.9 kHz e)
[    22.599] (II) modeset(0): Modeline "800x600"x0.0   50.00  800 856 976 1040  600 637 643 666 +hsync +vsync (48.1 kHz e)
[    22.599] (II) modeset(0): Modeline "1680x1050"x0.0  146.25  1680 1784 1960 2240  1050 1053 1059 1089 -hsync +vsync (65.3 kHz e)
[    22.599] (II) modeset(0): Modeline "1440x900"x0.0  106.50  1440 1520 1672 1904  900 903 909 934 -hsync +vsync (55.9 kHz e)
[    22.599] (II) modeset(0): Modeline "1280x1024"x0.0  108.00  1280 1328 1440 1688  1024 1025 1028 1066 +hsync +vsync (64.0 kHz e)
[    22.599] (II) modeset(0): Modeline "1280x960"x0.0  108.00  1280 1376 1488 1800  960 961 964 1000 +hsync +vsync (60.0 kHz e)
[    22.599] (II) modeset(0): Modeline "1280x720"x60.0   74.48  1280 1336 1472 1664  720 721 724 746 -hsync +vsync (44.8 kHz e)
[    22.652] (II) modeset(0): EDID vendor "AOC", prod id 8784
[    22.653] (II) modeset(0): Using hsync ranges from config file
[    22.653] (II) modeset(0): Using vrefresh ranges from config file
[    22.653] (II) modeset(0): Printing DDC gathered Modelines:
[    22.653] (II) modeset(0): Modeline "1920x1080"x0.0  148.50  1920 2008 2052 2200  1080 1084 1089 1125 +hsync +vsync (67.5 kHz eP)
[    22.653] (II) modeset(0): Modeline "800x600"x0.0   40.00  800 840 968 1056  600 601 605 628 +hsync +vsync (37.9 kHz e)
[    22.653] (II) modeset(0): Modeline "800x600"x0.0   36.00  800 824 896 1024  600 601 603 625 +hsync +vsync (35.2 kHz e)
[    22.653] (II) modeset(0): Modeline "640x480"x0.0   31.50  640 656 720 840  480 481 484 500 -hsync -vsync (37.5 kHz e)
[    22.653] (II) modeset(0): Modeline "640x480"x0.0   31.50  640 664 704 832  480 489 492 520 -hsync -vsync (37.9 kHz e)
[    22.653] (II) modeset(0): Modeline "640x480"x0.0   30.24  640 704 768 864  480 483 486 525 -hsync -vsync (35.0 kHz e)
[    22.653] (II) modeset(0): Modeline "640x480"x0.0   25.18  640 656 752 800  480 490 492 525 -hsync -vsync (31.5 kHz e)
[    22.653] (II) modeset(0): Modeline "720x400"x0.0   28.32  720 738 846 900  400 412 414 449 -hsync +vsync (31.5 kHz e)
[    22.653] (II) modeset(0): Modeline "1280x1024"x0.0  135.00  1280 1296 1440 1688  1024 1025 1028 1066 +hsync +vsync (80.0 kHz e)
[    22.653] (II) modeset(0): Modeline "1024x768"x0.0   78.75  1024 1040 1136 1312  768 769 772 800 +hsync +vsync (60.0 kHz e)
[    22.653] (II) modeset(0): Modeline "1024x768"x0.0   75.00  1024 1048 1184 1328  768 771 777 806 -hsync -vsync (56.5 kHz e)
[    22.653] (II) modeset(0): Modeline "1024x768"x0.0   65.00  1024 1048 1184 1344  768 771 777 806 -hsync -vsync (48.4 kHz e)
[    22.653] (II) modeset(0): Modeline "832x624"x0.0   57.28  832 864 928 1152  624 625 628 667 -hsync -vsync (49.7 kHz e)
[    22.653] (II) modeset(0): Modeline "800x600"x0.0   49.50  800 816 896 1056  600 601 604 625 +hsync +vsync (46.9 kHz e)
[    22.653] (II) modeset(0): Modeline "800x600"x0.0   50.00  800 856 976 1040  600 637 643 666 +hsync +vsync (48.1 kHz e)
[    22.653] (II) modeset(0): Modeline "1680x1050"x0.0  146.25  1680 1784 1960 2240  1050 1053 1059 1089 -hsync +vsync (65.3 kHz e)
[    22.653] (II) modeset(0): Modeline "1440x900"x0.0  106.50  1440 1520 1672 1904  900 903 909 934 -hsync +vsync (55.9 kHz e)
[    22.653] (II) modeset(0): Modeline "1280x1024"x0.0  108.00  1280 1328 1440 1688  1024 1025 1028 1066 +hsync +vsync (64.0 kHz e)
[    22.653] (II) modeset(0): Modeline "1280x960"x0.0  108.00  1280 1376 1488 1800  960 961 964 1000 +hsync +vsync (60.0 kHz e)
[    22.653] (II) modeset(0): Modeline "1280x720"x60.0   74.48  1280 1336 1472 1664  720 721 724 746 -hsync +vsync (44.8 kHz e)
[    22.851] (II) modeset(0): EDID vendor "AOC", prod id 8784
[    22.851] (II) modeset(0): Using hsync ranges from config file
[    22.851] (II) modeset(0): Using vrefresh ranges from config file
[    22.851] (II) modeset(0): Printing DDC gathered Modelines:
[    22.851] (II) modeset(0): Modeline "1920x1080"x0.0  148.50  1920 2008 2052 2200  1080 1084 1089 1125 +hsync +vsync (67.5 kHz eP)
[    22.851] (II) modeset(0): Modeline "800x600"x0.0   40.00  800 840 968 1056  600 601 605 628 +hsync +vsync (37.9 kHz e)
[    22.851] (II) modeset(0): Modeline "800x600"x0.0   36.00  800 824 896 1024  600 601 603 625 +hsync +vsync (35.2 kHz e)
[    22.851] (II) modeset(0): Modeline "640x480"x0.0   31.50  640 656 720 840  480 481 484 500 -hsync -vsync (37.5 kHz e)
[    22.851] (II) modeset(0): Modeline "640x480"x0.0   31.50  640 664 704 832  480 489 492 520 -hsync -vsync (37.9 kHz e)
[    22.851] (II) modeset(0): Modeline "640x480"x0.0   30.24  640 704 768 864  480 483 486 525 -hsync -vsync (35.0 kHz e)
[    22.851] (II) modeset(0): Modeline "640x480"x0.0   25.18  640 656 752 800  480 490 492 525 -hsync -vsync (31.5 kHz e)
[    22.851] (II) modeset(0): Modeline "720x400"x0.0   28.32  720 738 846 900  400 412 414 449 -hsync +vsync (31.5 kHz e)
[    22.851] (II) modeset(0): Modeline "1280x1024"x0.0  135.00  1280 1296 1440 1688  1024 1025 1028 1066 +hsync +vsync (80.0 kHz e)
[    22.851] (II) modeset(0): Modeline "1024x768"x0.0   78.75  1024 1040 1136 1312  768 769 772 800 +hsync +vsync (60.0 kHz e)
[    22.851] (II) modeset(0): Modeline "1024x768"x0.0   75.00  1024 1048 1184 1328  768 771 777 806 -hsync -vsync (56.5 kHz e)
[    22.851] (II) modeset(0): Modeline "1024x768"x0.0   65.00  1024 1048 1184 1344  768 771 777 806 -hsync -vsync (48.4 kHz e)
[    22.851] (II) modeset(0): Modeline "832x624"x0.0   57.28  832 864 928 1152  624 625 628 667 -hsync -vsync (49.7 kHz e)
[    22.851] (II) modeset(0): Modeline "800x600"x0.0   49.50  800 816 896 1056  600 601 604 625 +hsync +vsync (46.9 kHz e)
[    22.851] (II) modeset(0): Modeline "800x600"x0.0   50.00  800 856 976 1040  600 637 643 666 +hsync +vsync (48.1 kHz e)
[    22.851] (II) modeset(0): Modeline "1680x1050"x0.0  146.25  1680 1784 1960 2240  1050 1053 1059 1089 -hsync +vsync (65.3 kHz e)
[    22.851] (II) modeset(0): Modeline "1440x900"x0.0  106.50  1440 1520 1672 1904  900 903 909 934 -hsync +vsync (55.9 kHz e)
[    22.851] (II) modeset(0): Modeline "1280x1024"x0.0  108.00  1280 1328 1440 1688  1024 1025 1028 1066 +hsync +vsync (64.0 kHz e)
[    22.851] (II) modeset(0): Modeline "1280x960"x0.0  108.00  1280 1376 1488 1800  960 961 964 1000 +hsync +vsync (60.0 kHz e)
[    22.851] (II) modeset(0): Modeline "1280x720"x60.0   74.48  1280 1336 1472 1664  720 721 724 746 -hsync +vsync (44.8 kHz e)
[  3817.461] (EE) event2  - Logitech USB Optical Mouse: client bug: event processing lagging behind by 80ms, your system is too slow
[  3817.461] (EE) client bug: timer event2 debounce short: scheduled expiry is in the past (-20ms), your system is too slow
[  9208.517] (EE) event3  - HID 0566:3107: client bug: event processing lagging behind by 33ms, your system is too slow
[ 12128.298] (EE) event3  - HID 0566:3107: client bug: event processing lagging behind by 34ms, your system is too slow
[ 16035.296] (EE) event3  - HID 0566:3107: client bug: event processing lagging behind by 28ms, your system is too slow
