[2022-09-20 20:56:42.281] [renderer1] [error] Cannot read properties of undefined (reading 'length'): TypeError: Cannot read properties of undefined (reading 'length')
    at r.next (vscode-file://vscode-app/app/extra/vscode/resources/app/out/vs/workbench/workbench.desktop.main.js:83:75152)
    at reset (vscode-file://vscode-app/app/extra/vscode/resources/app/out/vs/workbench/workbench.desktop.main.js:83:75038)
    at s._delete (vscode-file://vscode-app/app/extra/vscode/resources/app/out/vs/workbench/workbench.desktop.main.js:83:80570)
    at s._delete (vscode-file://vscode-app/app/extra/vscode/resources/app/out/vs/workbench/workbench.desktop.main.js:83:80959)
    at s.delete (vscode-file://vscode-app/app/extra/vscode/resources/app/out/vs/workbench/workbench.desktop.main.js:83:80480)
    at vscode-file://vscode-app/app/extra/vscode/resources/app/out/vs/workbench/workbench.desktop.main.js:597:61578
    at S.invoke (vscode-file://vscode-app/app/extra/vscode/resources/app/out/vs/workbench/workbench.desktop.main.js:82:145)
    at s.deliver (vscode-file://vscode-app/app/extra/vscode/resources/app/out/vs/workbench/workbench.desktop.main.js:82:2266)
    at l.fire (vscode-file://vscode-app/app/extra/vscode/resources/app/out/vs/workbench/workbench.desktop.main.js:82:1844)
    at L.triggerConfigurationChange (vscode-file://vscode-app/app/extra/vscode/resources/app/out/vs/workbench/workbench.desktop.main.js:2692:38692)
    at L.onLocalUserConfigurationChanged (vscode-file://vscode-app/app/extra/vscode/resources/app/out/vs/workbench/workbench.desktop.main.js:2692:31451)
    at L.reloadLocalUserConfiguration (vscode-file://vscode-app/app/extra/vscode/resources/app/out/vs/workbench/workbench.desktop.main.js:2692:27096)
    at async L.writeConfigurationValue (vscode-file://vscode-app/app/extra/vscode/resources/app/out/vs/workbench/workbench.desktop.main.js:2692:37796)
    at async Promise.all (index 0)
    at async Object.J [as settled] (vscode-file://vscode-app/app/extra/vscode/resources/app/out/vs/workbench/workbench.desktop.main.js:86:22728)
    at async L.updateValue (vscode-file://vscode-app/app/extra/vscode/resources/app/out/vs/workbench/workbench.desktop.main.js:2692:20720)
[2022-09-20 20:56:44.993] [renderer1] [error] Cannot read properties of undefined (reading 'length'): TypeError: Cannot read properties of undefined (reading 'length')
    at r.next (vscode-file://vscode-app/app/extra/vscode/resources/app/out/vs/workbench/workbench.desktop.main.js:83:75152)
    at reset (vscode-file://vscode-app/app/extra/vscode/resources/app/out/vs/workbench/workbench.desktop.main.js:83:75038)
    at s._delete (vscode-file://vscode-app/app/extra/vscode/resources/app/out/vs/workbench/workbench.desktop.main.js:83:80570)
    at s._delete (vscode-file://vscode-app/app/extra/vscode/resources/app/out/vs/workbench/workbench.desktop.main.js:83:80959)
    at s.delete (vscode-file://vscode-app/app/extra/vscode/resources/app/out/vs/workbench/workbench.desktop.main.js:83:80480)
    at vscode-file://vscode-app/app/extra/vscode/resources/app/out/vs/workbench/workbench.desktop.main.js:597:61578
    at S.invoke (vscode-file://vscode-app/app/extra/vscode/resources/app/out/vs/workbench/workbench.desktop.main.js:82:145)
    at s.deliver (vscode-file://vscode-app/app/extra/vscode/resources/app/out/vs/workbench/workbench.desktop.main.js:82:2266)
    at l.fire (vscode-file://vscode-app/app/extra/vscode/resources/app/out/vs/workbench/workbench.desktop.main.js:82:1844)
    at L.triggerConfigurationChange (vscode-file://vscode-app/app/extra/vscode/resources/app/out/vs/workbench/workbench.desktop.main.js:2692:38692)
    at L.onLocalUserConfigurationChanged (vscode-file://vscode-app/app/extra/vscode/resources/app/out/vs/workbench/workbench.desktop.main.js:2692:31451)
    at L.reloadLocalUserConfiguration (vscode-file://vscode-app/app/extra/vscode/resources/app/out/vs/workbench/workbench.desktop.main.js:2692:27096)
    at async L.writeConfigurationValue (vscode-file://vscode-app/app/extra/vscode/resources/app/out/vs/workbench/workbench.desktop.main.js:2692:37796)
    at async Promise.all (index 0)
    at async Object.J [as settled] (vscode-file://vscode-app/app/extra/vscode/resources/app/out/vs/workbench/workbench.desktop.main.js:86:22728)
    at async L.updateValue (vscode-file://vscode-app/app/extra/vscode/resources/app/out/vs/workbench/workbench.desktop.main.js:2692:20720)
[2022-09-20 20:56:48.393] [renderer1] [error] Cannot read properties of undefined (reading 'length'): TypeError: Cannot read properties of undefined (reading 'length')
    at r.next (vscode-file://vscode-app/app/extra/vscode/resources/app/out/vs/workbench/workbench.desktop.main.js:83:75152)
    at reset (vscode-file://vscode-app/app/extra/vscode/resources/app/out/vs/workbench/workbench.desktop.main.js:83:75038)
    at s._delete (vscode-file://vscode-app/app/extra/vscode/resources/app/out/vs/workbench/workbench.desktop.main.js:83:80570)
    at s._delete (vscode-file://vscode-app/app/extra/vscode/resources/app/out/vs/workbench/workbench.desktop.main.js:83:80959)
    at s.delete (vscode-file://vscode-app/app/extra/vscode/resources/app/out/vs/workbench/workbench.desktop.main.js:83:80480)
    at vscode-file://vscode-app/app/extra/vscode/resources/app/out/vs/workbench/workbench.desktop.main.js:597:61578
    at S.invoke (vscode-file://vscode-app/app/extra/vscode/resources/app/out/vs/workbench/workbench.desktop.main.js:82:145)
    at s.deliver (vscode-file://vscode-app/app/extra/vscode/resources/app/out/vs/workbench/workbench.desktop.main.js:82:2266)
    at l.fire (vscode-file://vscode-app/app/extra/vscode/resources/app/out/vs/workbench/workbench.desktop.main.js:82:1844)
    at L.triggerConfigurationChange (vscode-file://vscode-app/app/extra/vscode/resources/app/out/vs/workbench/workbench.desktop.main.js:2692:38692)
    at L.onLocalUserConfigurationChanged (vscode-file://vscode-app/app/extra/vscode/resources/app/out/vs/workbench/workbench.desktop.main.js:2692:31451)
    at L.reloadLocalUserConfiguration (vscode-file://vscode-app/app/extra/vscode/resources/app/out/vs/workbench/workbench.desktop.main.js:2692:27096)
    at async L.writeConfigurationValue (vscode-file://vscode-app/app/extra/vscode/resources/app/out/vs/workbench/workbench.desktop.main.js:2692:37796)
    at async Promise.all (index 0)
    at async Object.J [as settled] (vscode-file://vscode-app/app/extra/vscode/resources/app/out/vs/workbench/workbench.desktop.main.js:86:22728)
    at async L.updateValue (vscode-file://vscode-app/app/extra/vscode/resources/app/out/vs/workbench/workbench.desktop.main.js:2692:20720)
[2022-09-20 20:56:49.614] [renderer1] [error] Cannot read properties of undefined (reading 'length'): TypeError: Cannot read properties of undefined (reading 'length')
    at r.next (vscode-file://vscode-app/app/extra/vscode/resources/app/out/vs/workbench/workbench.desktop.main.js:83:75152)
    at reset (vscode-file://vscode-app/app/extra/vscode/resources/app/out/vs/workbench/workbench.desktop.main.js:83:75038)
    at s._delete (vscode-file://vscode-app/app/extra/vscode/resources/app/out/vs/workbench/workbench.desktop.main.js:83:80570)
    at s._delete (vscode-file://vscode-app/app/extra/vscode/resources/app/out/vs/workbench/workbench.desktop.main.js:83:80959)
    at s.delete (vscode-file://vscode-app/app/extra/vscode/resources/app/out/vs/workbench/workbench.desktop.main.js:83:80480)
    at vscode-file://vscode-app/app/extra/vscode/resources/app/out/vs/workbench/workbench.desktop.main.js:597:61578
    at S.invoke (vscode-file://vscode-app/app/extra/vscode/resources/app/out/vs/workbench/workbench.desktop.main.js:82:145)
    at s.deliver (vscode-file://vscode-app/app/extra/vscode/resources/app/out/vs/workbench/workbench.desktop.main.js:82:2266)
    at l.fire (vscode-file://vscode-app/app/extra/vscode/resources/app/out/vs/workbench/workbench.desktop.main.js:82:1844)
    at L.triggerConfigurationChange (vscode-file://vscode-app/app/extra/vscode/resources/app/out/vs/workbench/workbench.desktop.main.js:2692:38692)
    at L.onLocalUserConfigurationChanged (vscode-file://vscode-app/app/extra/vscode/resources/app/out/vs/workbench/workbench.desktop.main.js:2692:31451)
    at L.reloadLocalUserConfiguration (vscode-file://vscode-app/app/extra/vscode/resources/app/out/vs/workbench/workbench.desktop.main.js:2692:27096)
    at async L.writeConfigurationValue (vscode-file://vscode-app/app/extra/vscode/resources/app/out/vs/workbench/workbench.desktop.main.js:2692:37796)
    at async Promise.all (index 0)
    at async Object.J [as settled] (vscode-file://vscode-app/app/extra/vscode/resources/app/out/vs/workbench/workbench.desktop.main.js:86:22728)
    at async L.updateValue (vscode-file://vscode-app/app/extra/vscode/resources/app/out/vs/workbench/workbench.desktop.main.js:2692:20720)
[2022-09-20 21:01:31.064] [renderer1] [error] ["Unknown (FileSystemError): Failed to move 'index.html' to the trash","    at l (/app/extra/vscode/resources/app/out/vs/code/electron-main/main.js:30:4146)","    at C.delete (/app/extra/vscode/resources/app/out/vs/code/electron-main/main.js:33:48236)"]
[2022-09-20 21:01:31.074] [renderer1] [error] Failed to move 'index.html' to the trash: Unknown (FileSystemError): Failed to move 'index.html' to the trash
    at l (/app/extra/vscode/resources/app/out/vs/code/electron-main/main.js:30:4146)
    at C.delete (/app/extra/vscode/resources/app/out/vs/code/electron-main/main.js:33:48236)
[2022-09-20 21:44:27.863] [renderer1] [error] [geyao.html-snippets]: Unknown language in `contributes.html-snippets.language`. Provided value: vue
[2022-09-20 21:44:27.864] [renderer1] [error] [geyao.html-snippets]: Unknown language in `contributes.html-snippets.language`. Provided value: vue-html
